<?xml version="1.0" encoding="UTF-8"?>
<!-- Generated by org.testng.reporters.JUnitReportReporter -->
<testsuite hostname="LAPTOP-PTQN5GDU" failures="0" tests="1" name="com.cicd.practice.CICDPractice.TEST" time="0.003" errors="0" timestamp="2023-02-12T16:55:08 IST" skipped="0">
  <testcase classname="com.cicd.practice.CICDPractice.TEST" name="testMethod1" time="0.003"/>
  <system-out/>
</testsuite> <!-- com.cicd.practice.CICDPractice.TEST -->
